app/build/intermediates/manifest_merge_blame_file/debug/manifest-merger-blame-debug-report.txt
1<?xml version="1.0" encoding="utf-8"?>
2<manifest xmlns:android="http://schemas.android.com/apk/res/android"
3    package="com.example.testkey"
4    android:versionCode="1"
5    android:versionName="1.0" >
6
7    <uses-sdk
8        android:minSdkVersion="18"
8-->src/main/AndroidManifest.xml
9        android:targetSdkVersion="28" />
9-->src/main/AndroidManifest.xml
10
11    <uses-permission android:name="android.permission.WAKE_LOCK" />
11-->src/main/AndroidManifest.xml:8:5-68
11-->src/main/AndroidManifest.xml:8:22-65
12    <uses-permission android:name="android.permission.CALL_PHONE" />
12-->src/main/AndroidManifest.xml:9:5-69
12-->src/main/AndroidManifest.xml:9:22-66
13    <uses-permission android:name="android.permission.BLUETOOTH_ADMIN" />
13-->src/main/AndroidManifest.xml:10:5-74
13-->src/main/AndroidManifest.xml:10:22-71
14    <uses-permission android:name="android.permission.BLUETOOTH" />
14-->src/main/AndroidManifest.xml:11:5-68
14-->src/main/AndroidManifest.xml:11:22-65
15    <uses-permission android:name="android.permission.WRITE_SETTINGS" />
15-->src/main/AndroidManifest.xml:12:5-73
15-->src/main/AndroidManifest.xml:12:22-70
16    <uses-permission android:name="android.permission.RECEIVE_BOOT_COMPLETED" />
16-->src/main/AndroidManifest.xml:13:5-81
16-->src/main/AndroidManifest.xml:13:22-78
17    <uses-permission android:name="android.permission.MEDIA_BUTTON" />
17-->src/main/AndroidManifest.xml:15:5-71
17-->src/main/AndroidManifest.xml:15:22-68
18    <uses-permission android:name="android.permission.BLUETOOTH" />
18-->src/main/AndroidManifest.xml:11:5-68
18-->src/main/AndroidManifest.xml:11:22-65
19    <uses-permission android:name="android.permission.BLUETOOTH_ADMIN" />
19-->src/main/AndroidManifest.xml:10:5-74
19-->src/main/AndroidManifest.xml:10:22-71
20    <uses-permission android:name="android.permission.BLUETOOTH_PRIVILEGED" />
20-->src/main/AndroidManifest.xml:20:5-79
20-->src/main/AndroidManifest.xml:20:22-76
21
22    <application
22-->src/main/AndroidManifest.xml:22:5-62:19
23        android:allowBackup="true"
23-->src/main/AndroidManifest.xml:23:9-35
24        android:appComponentFactory="android.support.v4.app.CoreComponentFactory"
24-->[com.android.support:support-compat:28.0.0] AndroidManifest.xml:22:18-91
25        android:debuggable="true"
26        android:icon="@drawable/ic_launcher"
26-->src/main/AndroidManifest.xml:24:9-45
27        android:label="@string/app_name"
27-->src/main/AndroidManifest.xml:25:9-41
28        android:theme="@style/MAppTheme" >
28-->src/main/AndroidManifest.xml:26:9-41
29        <activity
29-->src/main/AndroidManifest.xml:28:9-50:20
30            android:name="com.example.testkey.MainActivity"
30-->src/main/AndroidManifest.xml:29:13-60
31            android:label="@string/app_name"
31-->src/main/AndroidManifest.xml:30:13-45
32            android:windowSoftInputMode="stateAlwaysHidden" >
32-->src/main/AndroidManifest.xml:31:13-60
33            <intent-filter>
33-->src/main/AndroidManifest.xml:32:13-35:29
34                <action android:name="android.intent.action.MAIN" />
34-->src/main/AndroidManifest.xml:33:17-69
34-->src/main/AndroidManifest.xml:33:25-66
35
36                <category android:name="android.intent.category.LAUNCHER" />
36-->src/main/AndroidManifest.xml:34:17-77
36-->src/main/AndroidManifest.xml:34:27-74
37            </intent-filter>
38            <intent-filter android:priority="1000" >
38-->src/main/AndroidManifest.xml:36:13-42:29
38-->src/main/AndroidManifest.xml:36:28-51
39                <action android:name="android.intent.action.CALL_PRIVILEGED" />
39-->src/main/AndroidManifest.xml:37:17-80
39-->src/main/AndroidManifest.xml:37:25-77
40
41                <category android:name="android.intent.category.DEFAULT" />
41-->src/main/AndroidManifest.xml:38:17-76
41-->src/main/AndroidManifest.xml:38:27-73
42
43                <data android:scheme="tel" />
43-->src/main/AndroidManifest.xml:40:17-46
43-->src/main/AndroidManifest.xml:40:23-43
44                <data android:mimeType="audio/mpeg" />
44-->src/main/AndroidManifest.xml:40:17-46
44-->src/main/AndroidManifest.xml:41:23-52
45            </intent-filter>
46            <intent-filter android:priority="1000" >
46-->src/main/AndroidManifest.xml:43:13-49:29
46-->src/main/AndroidManifest.xml:43:28-51
47                <action android:name="android.intent.action.KANGEAR_LASTREDIAL_TO_VR" />
47-->src/main/AndroidManifest.xml:44:17-89
47-->src/main/AndroidManifest.xml:44:25-86
48
49                <category android:name="android.intent.category.DEFAULT" />
49-->src/main/AndroidManifest.xml:38:17-76
49-->src/main/AndroidManifest.xml:38:27-73
50
51                <data android:scheme="tel" />
51-->src/main/AndroidManifest.xml:40:17-46
51-->src/main/AndroidManifest.xml:40:23-43
52                <data android:mimeType="audio/mpeg" />
52-->src/main/AndroidManifest.xml:40:17-46
52-->src/main/AndroidManifest.xml:41:23-52
53            </intent-filter>
54        </activity>
55
56        <receiver android:name="com.example.testkey.MediaButtonReceiver" >
56-->src/main/AndroidManifest.xml:51:9-55:20
56-->src/main/AndroidManifest.xml:51:19-53
57            <intent-filter>
57-->src/main/AndroidManifest.xml:52:13-54:29
58                <action android:name="android.intent.action.MEDIA_BUTTON" />
58-->src/main/AndroidManifest.xml:53:17-77
58-->src/main/AndroidManifest.xml:53:25-74
59            </intent-filter>
60        </receiver>
61
62        <service
62-->src/main/AndroidManifest.xml:56:9-60:48
63            android:name="com.example.testkey.PlayerMusicService"
63-->src/main/AndroidManifest.xml:57:13-47
64            android:enabled="true"
64-->src/main/AndroidManifest.xml:58:13-35
65            android:exported="true"
65-->src/main/AndroidManifest.xml:59:13-36
66            android:process=":music_service" />
66-->src/main/AndroidManifest.xml:60:13-45
67    </application>
68
69</manifest>